d:\osmans_folder\академия_шаг\osman_pst1522\домашнии_задания\операционные системы\process_planing_sourse\cpu_burst\sjf\sjf_algorithm_timings\sjf_algorithm\debug\source.obj
d:\osmans_folder\академия_шаг\osman_pst1522\домашнии_задания\операционные системы\process_planing_sourse\cpu_burst\sjf\sjf_algorithm_timings\sjf_algorithm\debug\vc110.pdb
d:\osmans_folder\академия_шаг\osman_pst1522\домашнии_задания\операционные системы\process_planing_sourse\cpu_burst\sjf\sjf_algorithm_timings\debug\sjf_algorithm.ilk
d:\osmans_folder\академия_шаг\osman_pst1522\домашнии_задания\операционные системы\process_planing_sourse\cpu_burst\sjf\sjf_algorithm_timings\debug\sjf_algorithm.exe
d:\osmans_folder\академия_шаг\osman_pst1522\домашнии_задания\операционные системы\process_planing_sourse\cpu_burst\sjf\sjf_algorithm_timings\debug\sjf_algorithm.pdb
d:\it_step\projects\it_step_c++\planning_and_managementos\cpu_burst\sjf\sjf_algorithm_timings\sjf_algorithm\debug\vc140.pdb
d:\it_step\projects\it_step_c++\planning_and_managementos\cpu_burst\sjf\sjf_algorithm_timings\sjf_algorithm\debug\.netframework,version=v4.5.2.assemblyattributes.obj
d:\it_step\projects\it_step_c++\planning_and_managementos\cpu_burst\sjf\sjf_algorithm_timings\sjf_algorithm\debug\.netframework,version=v4.5.2.assemblyattributes.asm
d:\it_step\projects\it_step_c++\planning_and_managementos\cpu_burst\sjf\sjf_algorithm_timings\sjf_algorithm\debug\source.obj
d:\it_step\projects\it_step_c++\planning_and_managementos\cpu_burst\sjf\sjf_algorithm_timings\debug\sjf_algorithm.exe
d:\it_step\projects\it_step_c++\planning_and_managementos\cpu_burst\sjf\sjf_algorithm_timings\debug\sjf_algorithm.pdb
d:\it_step\projects\it_step_cpp\planning_and_managementos\cpu_burst\sjf\sjf_algorithm_timings\sjf_algorithm\debug\sjf_algorithm.vcxprojresolveassemblyreference.cache
d:\it_step\projects\it_step_cpp\planning_and_managementos\cpu_burst\sjf\sjf_algorithm_timings\sjf_algorithm\debug\.netframework,version=v4.5.2.assemblyattributes.obj
d:\it_step\projects\it_step_cpp\planning_and_managementos\cpu_burst\sjf\sjf_algorithm_timings\sjf_algorithm\debug\.netframework,version=v4.5.assemblyattributes.obj
d:\it_step\projects\it_step_cpp\planning_and_managementos\cpu_burst\sjf\sjf_algorithm_timings\sjf_algorithm\debug\source.obj
d:\it_step\projects\it_step_cpp\planning_and_managementos\cpu_burst\sjf\sjf_algorithm_timings\sjf_algorithm\debug\cl.command.1.tlog
d:\it_step\projects\it_step_cpp\planning_and_managementos\cpu_burst\sjf\sjf_algorithm_timings\sjf_algorithm\debug\cl.read.1.tlog
d:\it_step\projects\it_step_cpp\planning_and_managementos\cpu_burst\sjf\sjf_algorithm_timings\sjf_algorithm\debug\cl.write.1.tlog
d:\it_step\projects\it_step_cpp\planning_and_managementos\cpu_burst\sjf\sjf_algorithm_timings\sjf_algorithm\debug\link.1376-cvtres.read.1.tlog
d:\it_step\projects\it_step_cpp\planning_and_managementos\cpu_burst\sjf\sjf_algorithm_timings\sjf_algorithm\debug\link.1376-cvtres.write.1.tlog
d:\it_step\projects\it_step_cpp\planning_and_managementos\cpu_burst\sjf\sjf_algorithm_timings\sjf_algorithm\debug\link.1376-rc.read.1.tlog
d:\it_step\projects\it_step_cpp\planning_and_managementos\cpu_burst\sjf\sjf_algorithm_timings\sjf_algorithm\debug\link.1376-rc.write.1.tlog
d:\it_step\projects\it_step_cpp\planning_and_managementos\cpu_burst\sjf\sjf_algorithm_timings\sjf_algorithm\debug\link.1376.read.1.tlog
d:\it_step\projects\it_step_cpp\planning_and_managementos\cpu_burst\sjf\sjf_algorithm_timings\sjf_algorithm\debug\link.1376.write.1.tlog
d:\it_step\projects\it_step_cpp\planning_and_managementos\cpu_burst\sjf\sjf_algorithm_timings\sjf_algorithm\debug\link.184-cvtres.read.1.tlog
d:\it_step\projects\it_step_cpp\planning_and_managementos\cpu_burst\sjf\sjf_algorithm_timings\sjf_algorithm\debug\link.184-cvtres.write.1.tlog
d:\it_step\projects\it_step_cpp\planning_and_managementos\cpu_burst\sjf\sjf_algorithm_timings\sjf_algorithm\debug\link.184-rc.read.1.tlog
d:\it_step\projects\it_step_cpp\planning_and_managementos\cpu_burst\sjf\sjf_algorithm_timings\sjf_algorithm\debug\link.184-rc.write.1.tlog
d:\it_step\projects\it_step_cpp\planning_and_managementos\cpu_burst\sjf\sjf_algorithm_timings\sjf_algorithm\debug\link.184.read.1.tlog
d:\it_step\projects\it_step_cpp\planning_and_managementos\cpu_burst\sjf\sjf_algorithm_timings\sjf_algorithm\debug\link.184.write.1.tlog
d:\it_step\projects\it_step_cpp\planning_and_managementos\cpu_burst\sjf\sjf_algorithm_timings\sjf_algorithm\debug\link.2684-cvtres.read.1.tlog
d:\it_step\projects\it_step_cpp\planning_and_managementos\cpu_burst\sjf\sjf_algorithm_timings\sjf_algorithm\debug\link.2684-cvtres.write.1.tlog
d:\it_step\projects\it_step_cpp\planning_and_managementos\cpu_burst\sjf\sjf_algorithm_timings\sjf_algorithm\debug\link.2684-rc.read.1.tlog
d:\it_step\projects\it_step_cpp\planning_and_managementos\cpu_burst\sjf\sjf_algorithm_timings\sjf_algorithm\debug\link.2684-rc.write.1.tlog
d:\it_step\projects\it_step_cpp\planning_and_managementos\cpu_burst\sjf\sjf_algorithm_timings\sjf_algorithm\debug\link.2684.read.1.tlog
d:\it_step\projects\it_step_cpp\planning_and_managementos\cpu_burst\sjf\sjf_algorithm_timings\sjf_algorithm\debug\link.2684.write.1.tlog
d:\it_step\projects\it_step_cpp\planning_and_managementos\cpu_burst\sjf\sjf_algorithm_timings\sjf_algorithm\debug\link.3376-cvtres.read.1.tlog
d:\it_step\projects\it_step_cpp\planning_and_managementos\cpu_burst\sjf\sjf_algorithm_timings\sjf_algorithm\debug\link.3376-cvtres.write.1.tlog
d:\it_step\projects\it_step_cpp\planning_and_managementos\cpu_burst\sjf\sjf_algorithm_timings\sjf_algorithm\debug\link.3376-rc.read.1.tlog
d:\it_step\projects\it_step_cpp\planning_and_managementos\cpu_burst\sjf\sjf_algorithm_timings\sjf_algorithm\debug\link.3376-rc.write.1.tlog
d:\it_step\projects\it_step_cpp\planning_and_managementos\cpu_burst\sjf\sjf_algorithm_timings\sjf_algorithm\debug\link.3376.read.1.tlog
d:\it_step\projects\it_step_cpp\planning_and_managementos\cpu_burst\sjf\sjf_algorithm_timings\sjf_algorithm\debug\link.3376.write.1.tlog
d:\it_step\projects\it_step_cpp\planning_and_managementos\cpu_burst\sjf\sjf_algorithm_timings\sjf_algorithm\debug\link.3792-cvtres.read.1.tlog
d:\it_step\projects\it_step_cpp\planning_and_managementos\cpu_burst\sjf\sjf_algorithm_timings\sjf_algorithm\debug\link.3792-cvtres.write.1.tlog
d:\it_step\projects\it_step_cpp\planning_and_managementos\cpu_burst\sjf\sjf_algorithm_timings\sjf_algorithm\debug\link.3792-rc.read.1.tlog
d:\it_step\projects\it_step_cpp\planning_and_managementos\cpu_burst\sjf\sjf_algorithm_timings\sjf_algorithm\debug\link.3792-rc.write.1.tlog
d:\it_step\projects\it_step_cpp\planning_and_managementos\cpu_burst\sjf\sjf_algorithm_timings\sjf_algorithm\debug\link.3792.read.1.tlog
d:\it_step\projects\it_step_cpp\planning_and_managementos\cpu_burst\sjf\sjf_algorithm_timings\sjf_algorithm\debug\link.3792.write.1.tlog
d:\it_step\projects\it_step_cpp\planning_and_managementos\cpu_burst\sjf\sjf_algorithm_timings\sjf_algorithm\debug\link.3828-cvtres.read.1.tlog
d:\it_step\projects\it_step_cpp\planning_and_managementos\cpu_burst\sjf\sjf_algorithm_timings\sjf_algorithm\debug\link.3828-cvtres.write.1.tlog
d:\it_step\projects\it_step_cpp\planning_and_managementos\cpu_burst\sjf\sjf_algorithm_timings\sjf_algorithm\debug\link.3828-rc.read.1.tlog
d:\it_step\projects\it_step_cpp\planning_and_managementos\cpu_burst\sjf\sjf_algorithm_timings\sjf_algorithm\debug\link.3828-rc.write.1.tlog
d:\it_step\projects\it_step_cpp\planning_and_managementos\cpu_burst\sjf\sjf_algorithm_timings\sjf_algorithm\debug\link.3828.read.1.tlog
d:\it_step\projects\it_step_cpp\planning_and_managementos\cpu_burst\sjf\sjf_algorithm_timings\sjf_algorithm\debug\link.3828.write.1.tlog
d:\it_step\projects\it_step_cpp\planning_and_managementos\cpu_burst\sjf\sjf_algorithm_timings\sjf_algorithm\debug\link.4464-cvtres.read.1.tlog
d:\it_step\projects\it_step_cpp\planning_and_managementos\cpu_burst\sjf\sjf_algorithm_timings\sjf_algorithm\debug\link.4464-cvtres.write.1.tlog
d:\it_step\projects\it_step_cpp\planning_and_managementos\cpu_burst\sjf\sjf_algorithm_timings\sjf_algorithm\debug\link.4464-rc.read.1.tlog
d:\it_step\projects\it_step_cpp\planning_and_managementos\cpu_burst\sjf\sjf_algorithm_timings\sjf_algorithm\debug\link.4464-rc.write.1.tlog
d:\it_step\projects\it_step_cpp\planning_and_managementos\cpu_burst\sjf\sjf_algorithm_timings\sjf_algorithm\debug\link.4464.read.1.tlog
d:\it_step\projects\it_step_cpp\planning_and_managementos\cpu_burst\sjf\sjf_algorithm_timings\sjf_algorithm\debug\link.4464.write.1.tlog
d:\it_step\projects\it_step_cpp\planning_and_managementos\cpu_burst\sjf\sjf_algorithm_timings\sjf_algorithm\debug\link.4508-cvtres.read.1.tlog
d:\it_step\projects\it_step_cpp\planning_and_managementos\cpu_burst\sjf\sjf_algorithm_timings\sjf_algorithm\debug\link.4508-cvtres.write.1.tlog
d:\it_step\projects\it_step_cpp\planning_and_managementos\cpu_burst\sjf\sjf_algorithm_timings\sjf_algorithm\debug\link.4508-rc.read.1.tlog
d:\it_step\projects\it_step_cpp\planning_and_managementos\cpu_burst\sjf\sjf_algorithm_timings\sjf_algorithm\debug\link.4508-rc.write.1.tlog
d:\it_step\projects\it_step_cpp\planning_and_managementos\cpu_burst\sjf\sjf_algorithm_timings\sjf_algorithm\debug\link.4508.read.1.tlog
d:\it_step\projects\it_step_cpp\planning_and_managementos\cpu_burst\sjf\sjf_algorithm_timings\sjf_algorithm\debug\link.4508.write.1.tlog
d:\it_step\projects\it_step_cpp\planning_and_managementos\cpu_burst\sjf\sjf_algorithm_timings\sjf_algorithm\debug\link.4896-cvtres.read.1.tlog
d:\it_step\projects\it_step_cpp\planning_and_managementos\cpu_burst\sjf\sjf_algorithm_timings\sjf_algorithm\debug\link.4896-cvtres.write.1.tlog
d:\it_step\projects\it_step_cpp\planning_and_managementos\cpu_burst\sjf\sjf_algorithm_timings\sjf_algorithm\debug\link.4896-rc.read.1.tlog
d:\it_step\projects\it_step_cpp\planning_and_managementos\cpu_burst\sjf\sjf_algorithm_timings\sjf_algorithm\debug\link.4896-rc.write.1.tlog
d:\it_step\projects\it_step_cpp\planning_and_managementos\cpu_burst\sjf\sjf_algorithm_timings\sjf_algorithm\debug\link.4896.read.1.tlog
d:\it_step\projects\it_step_cpp\planning_and_managementos\cpu_burst\sjf\sjf_algorithm_timings\sjf_algorithm\debug\link.4896.write.1.tlog
d:\it_step\projects\it_step_cpp\planning_and_managementos\cpu_burst\sjf\sjf_algorithm_timings\sjf_algorithm\debug\link.5408-cvtres.read.1.tlog
d:\it_step\projects\it_step_cpp\planning_and_managementos\cpu_burst\sjf\sjf_algorithm_timings\sjf_algorithm\debug\link.5408-cvtres.write.1.tlog
d:\it_step\projects\it_step_cpp\planning_and_managementos\cpu_burst\sjf\sjf_algorithm_timings\sjf_algorithm\debug\link.5408-rc.read.1.tlog
d:\it_step\projects\it_step_cpp\planning_and_managementos\cpu_burst\sjf\sjf_algorithm_timings\sjf_algorithm\debug\link.5408-rc.write.1.tlog
d:\it_step\projects\it_step_cpp\planning_and_managementos\cpu_burst\sjf\sjf_algorithm_timings\sjf_algorithm\debug\link.5408.read.1.tlog
d:\it_step\projects\it_step_cpp\planning_and_managementos\cpu_burst\sjf\sjf_algorithm_timings\sjf_algorithm\debug\link.5408.write.1.tlog
d:\it_step\projects\it_step_cpp\planning_and_managementos\cpu_burst\sjf\sjf_algorithm_timings\sjf_algorithm\debug\link.5424-cvtres.read.1.tlog
d:\it_step\projects\it_step_cpp\planning_and_managementos\cpu_burst\sjf\sjf_algorithm_timings\sjf_algorithm\debug\link.5424-cvtres.write.1.tlog
d:\it_step\projects\it_step_cpp\planning_and_managementos\cpu_burst\sjf\sjf_algorithm_timings\sjf_algorithm\debug\link.5424-rc.read.1.tlog
d:\it_step\projects\it_step_cpp\planning_and_managementos\cpu_burst\sjf\sjf_algorithm_timings\sjf_algorithm\debug\link.5424-rc.write.1.tlog
d:\it_step\projects\it_step_cpp\planning_and_managementos\cpu_burst\sjf\sjf_algorithm_timings\sjf_algorithm\debug\link.5424.read.1.tlog
d:\it_step\projects\it_step_cpp\planning_and_managementos\cpu_burst\sjf\sjf_algorithm_timings\sjf_algorithm\debug\link.5424.write.1.tlog
d:\it_step\projects\it_step_cpp\planning_and_managementos\cpu_burst\sjf\sjf_algorithm_timings\sjf_algorithm\debug\link.5476-cvtres.read.1.tlog
d:\it_step\projects\it_step_cpp\planning_and_managementos\cpu_burst\sjf\sjf_algorithm_timings\sjf_algorithm\debug\link.5476-cvtres.write.1.tlog
d:\it_step\projects\it_step_cpp\planning_and_managementos\cpu_burst\sjf\sjf_algorithm_timings\sjf_algorithm\debug\link.5476-rc.read.1.tlog
d:\it_step\projects\it_step_cpp\planning_and_managementos\cpu_burst\sjf\sjf_algorithm_timings\sjf_algorithm\debug\link.5476-rc.write.1.tlog
d:\it_step\projects\it_step_cpp\planning_and_managementos\cpu_burst\sjf\sjf_algorithm_timings\sjf_algorithm\debug\link.5476.read.1.tlog
d:\it_step\projects\it_step_cpp\planning_and_managementos\cpu_burst\sjf\sjf_algorithm_timings\sjf_algorithm\debug\link.5476.write.1.tlog
d:\it_step\projects\it_step_cpp\planning_and_managementos\cpu_burst\sjf\sjf_algorithm_timings\sjf_algorithm\debug\link.5492-cvtres.read.1.tlog
d:\it_step\projects\it_step_cpp\planning_and_managementos\cpu_burst\sjf\sjf_algorithm_timings\sjf_algorithm\debug\link.5492-cvtres.write.1.tlog
d:\it_step\projects\it_step_cpp\planning_and_managementos\cpu_burst\sjf\sjf_algorithm_timings\sjf_algorithm\debug\link.5492-rc.read.1.tlog
d:\it_step\projects\it_step_cpp\planning_and_managementos\cpu_burst\sjf\sjf_algorithm_timings\sjf_algorithm\debug\link.5492-rc.write.1.tlog
d:\it_step\projects\it_step_cpp\planning_and_managementos\cpu_burst\sjf\sjf_algorithm_timings\sjf_algorithm\debug\link.5492.read.1.tlog
d:\it_step\projects\it_step_cpp\planning_and_managementos\cpu_burst\sjf\sjf_algorithm_timings\sjf_algorithm\debug\link.5492.write.1.tlog
d:\it_step\projects\it_step_cpp\planning_and_managementos\cpu_burst\sjf\sjf_algorithm_timings\sjf_algorithm\debug\link.5728-cvtres.read.1.tlog
d:\it_step\projects\it_step_cpp\planning_and_managementos\cpu_burst\sjf\sjf_algorithm_timings\sjf_algorithm\debug\link.5728-cvtres.write.1.tlog
d:\it_step\projects\it_step_cpp\planning_and_managementos\cpu_burst\sjf\sjf_algorithm_timings\sjf_algorithm\debug\link.5728-rc.read.1.tlog
d:\it_step\projects\it_step_cpp\planning_and_managementos\cpu_burst\sjf\sjf_algorithm_timings\sjf_algorithm\debug\link.5728-rc.write.1.tlog
d:\it_step\projects\it_step_cpp\planning_and_managementos\cpu_burst\sjf\sjf_algorithm_timings\sjf_algorithm\debug\link.5728.read.1.tlog
d:\it_step\projects\it_step_cpp\planning_and_managementos\cpu_burst\sjf\sjf_algorithm_timings\sjf_algorithm\debug\link.5728.write.1.tlog
d:\it_step\projects\it_step_cpp\planning_and_managementos\cpu_burst\sjf\sjf_algorithm_timings\sjf_algorithm\debug\link.6076-cvtres.read.1.tlog
d:\it_step\projects\it_step_cpp\planning_and_managementos\cpu_burst\sjf\sjf_algorithm_timings\sjf_algorithm\debug\link.6076-cvtres.write.1.tlog
d:\it_step\projects\it_step_cpp\planning_and_managementos\cpu_burst\sjf\sjf_algorithm_timings\sjf_algorithm\debug\link.6076-rc.read.1.tlog
d:\it_step\projects\it_step_cpp\planning_and_managementos\cpu_burst\sjf\sjf_algorithm_timings\sjf_algorithm\debug\link.6076-rc.write.1.tlog
d:\it_step\projects\it_step_cpp\planning_and_managementos\cpu_burst\sjf\sjf_algorithm_timings\sjf_algorithm\debug\link.6076.read.1.tlog
d:\it_step\projects\it_step_cpp\planning_and_managementos\cpu_burst\sjf\sjf_algorithm_timings\sjf_algorithm\debug\link.6076.write.1.tlog
d:\it_step\projects\it_step_cpp\planning_and_managementos\cpu_burst\sjf\sjf_algorithm_timings\sjf_algorithm\debug\link.6632-cvtres.read.1.tlog
d:\it_step\projects\it_step_cpp\planning_and_managementos\cpu_burst\sjf\sjf_algorithm_timings\sjf_algorithm\debug\link.6632-cvtres.write.1.tlog
d:\it_step\projects\it_step_cpp\planning_and_managementos\cpu_burst\sjf\sjf_algorithm_timings\sjf_algorithm\debug\link.6632-rc.read.1.tlog
d:\it_step\projects\it_step_cpp\planning_and_managementos\cpu_burst\sjf\sjf_algorithm_timings\sjf_algorithm\debug\link.6632-rc.write.1.tlog
d:\it_step\projects\it_step_cpp\planning_and_managementos\cpu_burst\sjf\sjf_algorithm_timings\sjf_algorithm\debug\link.6632.read.1.tlog
d:\it_step\projects\it_step_cpp\planning_and_managementos\cpu_burst\sjf\sjf_algorithm_timings\sjf_algorithm\debug\link.6632.write.1.tlog
d:\it_step\projects\it_step_cpp\planning_and_managementos\cpu_burst\sjf\sjf_algorithm_timings\sjf_algorithm\debug\link.command.1.tlog
d:\it_step\projects\it_step_cpp\planning_and_managementos\cpu_burst\sjf\sjf_algorithm_timings\sjf_algorithm\debug\link.read.1.tlog
d:\it_step\projects\it_step_cpp\planning_and_managementos\cpu_burst\sjf\sjf_algorithm_timings\sjf_algorithm\debug\link.write.1.tlog
d:\it_step\projects\it_step_cpp\planning_and_managementos\cpu_burst\sjf\sjf_algorithm_timings\sjf_algorithm\debug\metagen.read.1.tlog
d:\it_step\projects\it_step_cpp\planning_and_managementos\cpu_burst\sjf\sjf_algorithm_timings\sjf_algorithm\debug\metagen.write.1.tlog
d:\it_step\projects\it_step_cpp\planning_and_managementos\cpu_burst\sjf\sjf_algorithm_timings\sjf_algorithm\debug\vc110.pdb
d:\it_step\projects\it_step_cpp\planning_and_managementos\cpu_burst\sjf\sjf_algorithm_timings\sjf_algorithm\debug\vc140.pdb
d:\it_step\projects\it_step_cpp\planning_and_managementos\cpu_burst\sjf\sjf_algorithm_timings\sjf_algorithm\debug\tzres.dll.bi
d:\it_step\projects\it_step_cpp\planning_and_managementos\cpu_burst\sjf\sjf_algorithm_timings\debug\sjf_algorithm.pdb
d:\it_step\projects\it_step_cpp\planning_and_managementos\cpu_burst\sjf\sjf_algorithm_timings\debug\sjf_algorithm.exe
d:\it_step\projects\it_step_cpp\planning_and_managementos\cpu_burst\sjf\sjf_algorithm_timings\sjf_algorithm\debug\sjf_algorithm.tlog\cl.command.1.tlog
d:\it_step\projects\it_step_cpp\planning_and_managementos\cpu_burst\sjf\sjf_algorithm_timings\sjf_algorithm\debug\sjf_algorithm.tlog\cl.read.1.tlog
d:\it_step\projects\it_step_cpp\planning_and_managementos\cpu_burst\sjf\sjf_algorithm_timings\sjf_algorithm\debug\sjf_algorithm.tlog\cl.write.1.tlog
d:\it_step\projects\it_step_cpp\planning_and_managementos\cpu_burst\sjf\sjf_algorithm_timings\sjf_algorithm\debug\sjf_algorithm.tlog\link.command.1.tlog
d:\it_step\projects\it_step_cpp\planning_and_managementos\cpu_burst\sjf\sjf_algorithm_timings\sjf_algorithm\debug\sjf_algorithm.tlog\link.read.1.tlog
d:\it_step\projects\it_step_cpp\planning_and_managementos\cpu_burst\sjf\sjf_algorithm_timings\sjf_algorithm\debug\sjf_algorithm.tlog\link.write.1.tlog
d:\it_step\projects\it_step_cpp\planning_and_managementos\cpu_burst\sjf\sjf_algorithm_timings\sjf_algorithm\debug\sjf_algorithm.tlog\metagen.read.1.tlog
d:\it_step\projects\it_step_cpp\planning_and_managementos\cpu_burst\sjf\sjf_algorithm_timings\sjf_algorithm\debug\sjf_algorithm.tlog\metagen.write.1.tlog
d:\it_step\projects\it_step_cpp\planning_and_managementos\cpu_burst\sjf\sjf_algorithm_timings\sjf_algorithm\debug\sjf_algorithm.tlog\tzres.dll.bi
